Stare initiala: ('q0',)
-----------------------------------------------------------
Stari finale: ('q0', 'q1', 'q2', 'q3', 'q4', 'q5')
-----------------------------------------------------------
('q0',)----a---->('q0', 'q1')
('q0',)----b---->('q0',)
-----------------------------------------------------------
('q0', 'q1')----a---->('q0', 'q1', 'q2')
('q0', 'q1')----b---->('q0', 'q1')
-----------------------------------------------------------
('q0', 'q1', 'q2')----a---->('q0', 'q1', 'q2', 'q3')
('q0', 'q1', 'q2')----b---->('q0', 'q1', 'q2')
-----------------------------------------------------------
('q0', 'q1', 'q2', 'q3')----a---->('q0', 'q1', 'q2', 'q3', 'q4')
('q0', 'q1', 'q2', 'q3')----b---->('q0', 'q1', 'q2', 'q3')
-----------------------------------------------------------
('q0', 'q1', 'q2', 'q3', 'q4')----a---->('q0', 'q1', 'q2', 'q3', 'q4', 'q5')
('q0', 'q1', 'q2', 'q3', 'q4')----b---->('q0', 'q1', 'q2', 'q3', 'q4')
-----------------------------------------------------------
('q0', 'q1', 'q2', 'q3', 'q4', 'q5')----a---->('q0', 'q1', 'q2', 'q3', 'q4', 'q5')
('q0', 'q1', 'q2', 'q3', 'q4', 'q5')----b---->('q0', 'q1', 'q2', 'q3', 'q4')
-----------------------------------------------------------
